<?xml version="1.0" encoding="UTF-8"?>
<!-- Generated by org.testng.reporters.JUnitReportReporter -->
<testsuite hostname="DESKTOP-ND2I3TQ" failures="0" tests="1" name="SeleniumMain.ExtendReport" time="5.824" errors="0" timestamp="2024-07-21T07:56:19 IST" skipped="0">
  <testcase classname="SeleniumMain.ExtendReport" name="invoke" time="5.824"/>
</testsuite> <!-- SeleniumMain.ExtendReport -->
