<?xml version="1.0" encoding="UTF-8"?>
<!-- Generated by org.testng.reporters.JUnitReportReporter -->
<testsuite hostname="DESKTOP-ND2I3TQ" failures="0" tests="1" name="Cucumber.TestNGRunner" time="7.132" errors="0" timestamp="2024-07-30T11:35:46 IST" skipped="0">
  <testcase classname="Cucumber.TestNGRunner" name="runScenario" time="7.132"/>
</testsuite> <!-- Cucumber.TestNGRunner -->
