<?xml version="1.0" encoding="UTF-8"?>
<!-- Generated by org.testng.reporters.JUnitReportReporter -->
<testsuite hostname="DESKTOP-ND2I3TQ" failures="0" tests="1" name="AllSalenium.SeleniumFramework.SubmitOrder" time="18.403" errors="0" timestamp="2024-07-17T22:29:15 IST" skipped="0">
  <testcase classname="AllSalenium.SeleniumFramework.SubmitOrder" name="SubmitOrder" time="18.403"/>
</testsuite> <!-- AllSalenium.SeleniumFramework.SubmitOrder -->
