<?xml version="1.0" encoding="UTF-8"?>
<!-- Generated by org.testng.reporters.JUnitReportReporter -->
<testsuite hostname="DESKTOP-ND2I3TQ" failures="0" tests="1" name="SeleniumMain.NewProduct" time="18.961" errors="0" timestamp="2024-07-20T13:31:45 IST" skipped="0">
  <testcase classname="SeleniumMain.NewProduct" name="SubmitOrder" time="18.961"/>
</testsuite> <!-- SeleniumMain.NewProduct -->
