<?xml version="1.0" encoding="UTF-8"?>
<!-- Generated by org.testng.reporters.JUnitReportReporter -->
<testsuite hostname="DESKTOP-ND2I3TQ" failures="0" tests="2" name="SeleniumMain.SubmitOrder" time="50.783" errors="0" timestamp="2024-07-23T18:09:39 IST" skipped="0">
  <testcase classname="SeleniumMain.SubmitOrder" name="SubmitOrder" time="29.036"/>
  <testcase classname="SeleniumMain.SubmitOrder" name="SubmitOrder" time="21.747"/>
</testsuite> <!-- SeleniumMain.SubmitOrder -->
