<?xml version="1.0" encoding="UTF-8"?>
<!-- Generated by org.testng.reporters.JUnitReportReporter -->
<testsuite hostname="DESKTOP-ND2I3TQ" failures="0" tests="2" name="SeleniumMain.SubmitOrder" time="37.792" errors="0" timestamp="2024-07-30T11:50:18 IST" skipped="0">
  <testcase classname="SeleniumMain.SubmitOrder" name="SubmitOrder" time="15.813"/>
  <testcase classname="SeleniumMain.SubmitOrder" name="SubmitOrder" time="21.979"/>
</testsuite> <!-- SeleniumMain.SubmitOrder -->
